method = sample (Default)
  sample
    num_samples = 1000 (Default)
    num_warmup = 1000 (Default)
    save_warmup = 0 (Default)
    thin = 1 (Default)
    adapt
      engaged = 1 (Default)
      gamma = 0.050000000000000003 (Default)
      delta = 0.80000000000000004 (Default)
      kappa = 0.75 (Default)
      t0 = 10 (Default)
      init_buffer = 75 (Default)
      term_buffer = 50 (Default)
      window = 25 (Default)
    algorithm = hmc (Default)
      hmc
        engine = nuts (Default)
          nuts
            max_depth = 10 (Default)
        metric = diag_e (Default)
        metric_file =  (Default)
        stepsize = 1 (Default)
        stepsize_jitter = 1
id = 1
data
  file = noname_1.data.R
init = 2 (Default)
random
  seed = 3575230506
output
  file = noname_samples_1.csv
  diagnostic_file =  (Default)
  refresh = 100 (Default)

Must use algorithm=fixed_param for model that has no parameters.
method = sample (Default)
  sample
method = sample (Default)
    num_samples = 1000 (Default)
    num_warmup = 1000 (Default)
    save_warmup = 0 (Default)
    thin = 1 (Default)
method = sample (Default)
  sample
  sample
    adapt
    num_samples = 1000 (Default)
    num_samples = 1000 (Default)
      engaged = 1 (Default)
    num_warmup = 1000 (Default)
    num_warmup = 1000 (Default)
      gamma = 0.050000000000000003 (Default)
    save_warmup = 0 (Default)
    save_warmup = 0 (Default)
      delta = 0.80000000000000004 (Default)
    thin = 1 (Default)
    thin = 1 (Default)
      kappa = 0.75 (Default)
    adapt
    adapt
      t0 = 10 (Default)
      engaged = 1 (Default)
      engaged = 1 (Default)
      init_buffer = 75 (Default)
      gamma = 0.050000000000000003 (Default)
      gamma = 0.050000000000000003 (Default)
      term_buffer = 50 (Default)
      delta = 0.80000000000000004 (Default)
      delta = 0.80000000000000004 (Default)
      window = 25 (Default)
      kappa = 0.75 (Default)
      kappa = 0.75 (Default)
    algorithm = hmc (Default)
      t0 = 10 (Default)
      t0 = 10 (Default)
      hmc
      init_buffer = 75 (Default)
      init_buffer = 75 (Default)
        engine = nuts (Default)
      term_buffer = 50 (Default)
      term_buffer = 50 (Default)
          nuts
      window = 25 (Default)
      window = 25 (Default)
            max_depth = 10 (Default)
    algorithm = hmc (Default)
    algorithm = hmc (Default)
        metric = diag_e (Default)
      hmc
      hmc
        metric_file =  (Default)
        engine = nuts (Default)
        engine = nuts (Default)
        stepsize = 1 (Default)
          nuts
          nuts
        stepsize_jitter = 1
            max_depth = 10 (Default)
            max_depth = 10 (Default)
id = 2
        metric = diag_e (Default)
        metric = diag_e (Default)
data
        metric_file =  (Default)
        metric_file =  (Default)
  file = noname_2.data.R
        stepsize = 1 (Default)
        stepsize = 1 (Default)
init = 2 (Default)
        stepsize_jitter = 1
        stepsize_jitter = 1
random
id = 4
data
id = 3
data
  file = noname_3.data.R
  seed = 3575230533
  file = noname_4.data.R
init = 2 (Default)
random
  seed = 3575230535
output
output
init = 2 (Default)
random
  file = noname_samples_3.csv
  file = noname_samples_2.csv
  seed = 3575230535
output
  diagnostic_file =  (Default)
  diagnostic_file =  (Default)
  file = noname_samples_4.csv
  refresh = 100 (Default)

  refresh = 100 (Default)

  diagnostic_file =  (Default)
  refresh = 100 (Default)

Must use algorithm=fixed_param for model that has no parameters.
Must use algorithm=fixed_param for model that has no parameters.
Must use algorithm=fixed_param for model that has no parameters.
